{"/Users/theodericonipe/Documents/react-native-tests/members-and-teams/src/__tests__/components/mock/members.js": {"path":"/Users/theodericonipe/Documents/react-native-tests/members-and-teams/src/__tests__/components/mock/members.js","statementMap":{"0":{"start":{"line":2,"column":30},"end":{"line":4,"column":1}},"1":{"start":{"line":6,"column":25},"end":{"line":10,"column":1}},"2":{"start":{"line":11,"column":27},"end":{"line":40,"column":1}},"3":{"start":{"line":42,"column":21},"end":{"line":83,"column":1}},"4":{"start":{"line":85,"column":26},"end":{"line":96,"column":1}}},"fnMap":{},"branchMap":{},"s":{"0":2,"1":2,"2":2,"3":2,"4":2},"f":{},"b":{},"_coverageSchema":"1a1c01bbd47fc00a2c39e90264f33305004495a9","hash":"883345ded588339729e589591d97b6016d275552"}
,"/Users/theodericonipe/Documents/react-native-tests/members-and-teams/src/screens/index.js": {"path":"/Users/theodericonipe/Documents/react-native-tests/members-and-teams/src/screens/index.js","statementMap":{},"fnMap":{},"branchMap":{},"s":{},"f":{},"b":{},"_coverageSchema":"1a1c01bbd47fc00a2c39e90264f33305004495a9","hash":"ad5bd626a6a5f7818b1f05f28f250e596d9d5810"}
,"/Users/theodericonipe/Documents/react-native-tests/members-and-teams/src/screens/AllMembers/AllMembers.js": {"path":"/Users/theodericonipe/Documents/react-native-tests/members-and-teams/src/screens/AllMembers/AllMembers.js","statementMap":{"0":{"start":{"line":9,"column":17},"end":{"line":9,"column":27}},"1":{"start":{"line":10,"column":21},"end":{"line":10,"column":35}},"2":{"start":{"line":11,"column":18},"end":{"line":11,"column":29}},"3":{"start":{"line":13,"column":16},"end":{"line":13,"column":51}},"4":{"start":{"line":16,"column":19},"end":{"line":112,"column":1}},"5":{"start":{"line":17,"column":38},"end":{"line":17,"column":59}},"6":{"start":{"line":18,"column":50},"end":{"line":18,"column":67}},"7":{"start":{"line":20,"column":30},"end":{"line":20,"column":62}},"8":{"start":{"line":22,"column":22},"end":{"line":24,"column":3}},"9":{"start":{"line":23,"column":4},"end":{"line":23,"column":49}},"10":{"start":{"line":26,"column":37},"end":{"line":39,"column":4}},"11":{"start":{"line":31,"column":6},"end":{"line":37,"column":7}},"12":{"start":{"line":32,"column":8},"end":{"line":32,"column":28}},"13":{"start":{"line":33,"column":8},"end":{"line":33,"column":18}},"14":{"start":{"line":35,"column":8},"end":{"line":35,"column":68}},"15":{"start":{"line":36,"column":8},"end":{"line":36,"column":29}},"16":{"start":{"line":41,"column":21},"end":{"line":41,"column":36}},"17":{"start":{"line":41,"column":29},"end":{"line":41,"column":36}},"18":{"start":{"line":43,"column":17},"end":{"line":50,"column":3}},"19":{"start":{"line":44,"column":4},"end":{"line":49,"column":23}},"20":{"start":{"line":45,"column":6},"end":{"line":45,"column":46}},"21":{"start":{"line":45,"column":33},"end":{"line":45,"column":44}},"22":{"start":{"line":46,"column":11},"end":{"line":49,"column":23}},"23":{"start":{"line":48,"column":6},"end":{"line":48,"column":33}},"24":{"start":{"line":49,"column":11},"end":{"line":49,"column":23}},"25":{"start":{"line":52,"column":21},"end":{"line":61,"column":3}},"26":{"start":{"line":53,"column":4},"end":{"line":60,"column":6}},"27":{"start":{"line":59,"column":21},"end":{"line":59,"column":65}},"28":{"start":{"line":63,"column":21},"end":{"line":67,"column":3}},"29":{"start":{"line":64,"column":4},"end":{"line":66,"column":6}},"30":{"start":{"line":68,"column":22},"end":{"line":68,"column":41}},"31":{"start":{"line":72,"column":4},"end":{"line":72,"column":59}},"32":{"start":{"line":72,"column":42},"end":{"line":72,"column":59}},"33":{"start":{"line":74,"column":23},"end":{"line":74,"column":41}},"34":{"start":{"line":76,"column":19},"end":{"line":88,"column":5}},"35":{"start":{"line":77,"column":6},"end":{"line":87,"column":64}},"36":{"start":{"line":79,"column":8},"end":{"line":79,"column":17}},"37":{"start":{"line":80,"column":11},"end":{"line":87,"column":64}},"38":{"start":{"line":82,"column":8},"end":{"line":82,"column":17}},"39":{"start":{"line":83,"column":11},"end":{"line":87,"column":64}},"40":{"start":{"line":85,"column":8},"end":{"line":85,"column":18}},"41":{"start":{"line":87,"column":11},"end":{"line":87,"column":64}},"42":{"start":{"line":90,"column":4},"end":{"line":90,"column":28}},"43":{"start":{"line":93,"column":2},"end":{"line":111,"column":4}},"44":{"start":{"line":96,"column":30},"end":{"line":96,"column":42}},"45":{"start":{"line":114,"column":18},"end":{"line":114,"column":31}},"46":{"start":{"line":116,"column":33},"end":{"line":135,"column":1}}},"fnMap":{"0":{"name":"(anonymous_0)","decl":{"start":{"line":16,"column":19},"end":{"line":16,"column":20}},"loc":{"start":{"line":16,"column":39},"end":{"line":112,"column":1}},"line":16},"1":{"name":"(anonymous_1)","decl":{"start":{"line":22,"column":22},"end":{"line":22,"column":23}},"loc":{"start":{"line":22,"column":31},"end":{"line":24,"column":3}},"line":22},"2":{"name":"(anonymous_2)","decl":{"start":{"line":30,"column":17},"end":{"line":30,"column":18}},"loc":{"start":{"line":30,"column":23},"end":{"line":38,"column":5}},"line":30},"3":{"name":"(anonymous_3)","decl":{"start":{"line":41,"column":21},"end":{"line":41,"column":22}},"loc":{"start":{"line":41,"column":29},"end":{"line":41,"column":36}},"line":41},"4":{"name":"(anonymous_4)","decl":{"start":{"line":43,"column":17},"end":{"line":43,"column":18}},"loc":{"start":{"line":43,"column":37},"end":{"line":50,"column":3}},"line":43},"5":{"name":"(anonymous_5)","decl":{"start":{"line":45,"column":28},"end":{"line":45,"column":29}},"loc":{"start":{"line":45,"column":33},"end":{"line":45,"column":44}},"line":45},"6":{"name":"(anonymous_6)","decl":{"start":{"line":52,"column":21},"end":{"line":52,"column":22}},"loc":{"start":{"line":53,"column":4},"end":{"line":60,"column":6}},"line":53},"7":{"name":"(anonymous_7)","decl":{"start":{"line":59,"column":15},"end":{"line":59,"column":16}},"loc":{"start":{"line":59,"column":21},"end":{"line":59,"column":65}},"line":59},"8":{"name":"(anonymous_8)","decl":{"start":{"line":63,"column":21},"end":{"line":63,"column":22}},"loc":{"start":{"line":63,"column":27},"end":{"line":67,"column":3}},"line":63},"9":{"name":"sortRelevance","decl":{"start":{"line":70,"column":11},"end":{"line":70,"column":24}},"loc":{"start":{"line":70,"column":41},"end":{"line":91,"column":3}},"line":70},"10":{"name":"(anonymous_10)","decl":{"start":{"line":76,"column":19},"end":{"line":76,"column":20}},"loc":{"start":{"line":76,"column":35},"end":{"line":88,"column":5}},"line":76},"11":{"name":"(anonymous_11)","decl":{"start":{"line":96,"column":24},"end":{"line":96,"column":25}},"loc":{"start":{"line":96,"column":30},"end":{"line":96,"column":42}},"line":96}},"branchMap":{"0":{"loc":{"start":{"line":31,"column":6},"end":{"line":37,"column":7}},"type":"if","locations":[{"start":{"line":31,"column":6},"end":{"line":37,"column":7}},{"start":{"line":34,"column":13},"end":{"line":37,"column":7}}],"line":31},"1":{"loc":{"start":{"line":44,"column":4},"end":{"line":49,"column":23}},"type":"if","locations":[{"start":{"line":44,"column":4},"end":{"line":49,"column":23}},{"start":{"line":46,"column":11},"end":{"line":49,"column":23}}],"line":44},"2":{"loc":{"start":{"line":46,"column":11},"end":{"line":49,"column":23}},"type":"if","locations":[{"start":{"line":46,"column":11},"end":{"line":49,"column":23}},{"start":{"line":49,"column":11},"end":{"line":49,"column":23}}],"line":46},"3":{"loc":{"start":{"line":65,"column":6},"end":{"line":65,"column":72}},"type":"cond-expr","locations":[{"start":{"line":65,"column":48},"end":{"line":65,"column":49}},{"start":{"line":65,"column":52},"end":{"line":65,"column":72}}],"line":65},"4":{"loc":{"start":{"line":68,"column":22},"end":{"line":68,"column":41}},"type":"binary-expr","locations":[{"start":{"line":68,"column":22},"end":{"line":68,"column":35}},{"start":{"line":68,"column":39},"end":{"line":68,"column":41}}],"line":68},"5":{"loc":{"start":{"line":72,"column":4},"end":{"line":72,"column":59}},"type":"if","locations":[{"start":{"line":72,"column":4},"end":{"line":72,"column":59}},{"start":{},"end":{}}],"line":72},"6":{"loc":{"start":{"line":74,"column":23},"end":{"line":74,"column":41}},"type":"cond-expr","locations":[{"start":{"line":74,"column":35},"end":{"line":74,"column":36}},{"start":{"line":74,"column":39},"end":{"line":74,"column":41}}],"line":74},"7":{"loc":{"start":{"line":77,"column":6},"end":{"line":87,"column":64}},"type":"if","locations":[{"start":{"line":77,"column":6},"end":{"line":87,"column":64}},{"start":{"line":80,"column":11},"end":{"line":87,"column":64}}],"line":77},"8":{"loc":{"start":{"line":80,"column":11},"end":{"line":87,"column":64}},"type":"if","locations":[{"start":{"line":80,"column":11},"end":{"line":87,"column":64}},{"start":{"line":83,"column":11},"end":{"line":87,"column":64}}],"line":80},"9":{"loc":{"start":{"line":83,"column":11},"end":{"line":87,"column":64}},"type":"if","locations":[{"start":{"line":83,"column":11},"end":{"line":87,"column":64}},{"start":{"line":87,"column":11},"end":{"line":87,"column":64}}],"line":83},"10":{"loc":{"start":{"line":100,"column":7},"end":{"line":100,"column":76}},"type":"binary-expr","locations":[{"start":{"line":100,"column":7},"end":{"line":100,"column":14}},{"start":{"line":100,"column":18},"end":{"line":100,"column":76}}],"line":100},"11":{"loc":{"start":{"line":101,"column":7},"end":{"line":101,"column":79}},"type":"binary-expr","locations":[{"start":{"line":101,"column":7},"end":{"line":101,"column":17}},{"start":{"line":101,"column":21},"end":{"line":101,"column":79}}],"line":101}},"s":{"0":2,"1":2,"2":2,"3":2,"4":2,"5":6,"6":6,"7":6,"8":6,"9":1,"10":6,"11":1,"12":1,"13":1,"14":0,"15":0,"16":6,"17":6,"18":6,"19":6,"20":0,"21":0,"22":6,"23":0,"24":6,"25":6,"26":6,"27":0,"28":6,"29":0,"30":6,"31":0,"32":0,"33":0,"34":0,"35":0,"36":0,"37":0,"38":0,"39":0,"40":0,"41":0,"42":0,"43":6,"44":0,"45":2,"46":2},"f":{"0":6,"1":1,"2":1,"3":6,"4":6,"5":0,"6":6,"7":0,"8":0,"9":0,"10":0,"11":0},"b":{"0":[1,0],"1":[0,6],"2":[0,6],"3":[0,0],"4":[6,0],"5":[0,0],"6":[0,0],"7":[0,0],"8":[0,0],"9":[0,0],"10":[6,3],"11":[6,3]},"_coverageSchema":"1a1c01bbd47fc00a2c39e90264f33305004495a9","hash":"00e959f5475f9f18b56dee1982c8c5d13d9e47e8"}
,"/Users/theodericonipe/Documents/react-native-tests/members-and-teams/src/screens/Team/Team.js": {"path":"/Users/theodericonipe/Documents/react-native-tests/members-and-teams/src/screens/Team/Team.js","statementMap":{"0":{"start":{"line":15,"column":13},"end":{"line":79,"column":1}},"1":{"start":{"line":16,"column":17},"end":{"line":16,"column":29}},"2":{"start":{"line":17,"column":20},"end":{"line":17,"column":52}},"3":{"start":{"line":19,"column":26},"end":{"line":19,"column":72}},"4":{"start":{"line":19,"column":55},"end":{"line":19,"column":68}},"5":{"start":{"line":20,"column":27},"end":{"line":32,"column":3}},"6":{"start":{"line":21,"column":4},"end":{"line":31,"column":5}},"7":{"start":{"line":22,"column":28},"end":{"line":24,"column":8}},"8":{"start":{"line":23,"column":8},"end":{"line":23,"column":31}},"9":{"start":{"line":25,"column":23},"end":{"line":25,"column":46}},"10":{"start":{"line":26,"column":6},"end":{"line":26,"column":47}},"11":{"start":{"line":27,"column":27},"end":{"line":27,"column":56}},"12":{"start":{"line":28,"column":6},"end":{"line":28,"column":137}},"13":{"start":{"line":30,"column":6},"end":{"line":30,"column":70}},"14":{"start":{"line":34,"column":2},"end":{"line":78,"column":4}},"15":{"start":{"line":39,"column":27},"end":{"line":39,"column":46}},"16":{"start":{"line":48,"column":12},"end":{"line":48,"column":67}},"17":{"start":{"line":54,"column":10},"end":{"line":61,"column":12}},"18":{"start":{"line":59,"column":27},"end":{"line":59,"column":76}},"19":{"start":{"line":81,"column":18},"end":{"line":81,"column":31}},"20":{"start":{"line":82,"column":16},"end":{"line":84,"column":1}},"21":{"start":{"line":85,"column":15},"end":{"line":91,"column":1}},"22":{"start":{"line":93,"column":20},"end":{"line":93,"column":33}},"23":{"start":{"line":95,"column":24},"end":{"line":100,"column":1}}},"fnMap":{"0":{"name":"(anonymous_0)","decl":{"start":{"line":15,"column":13},"end":{"line":15,"column":14}},"loc":{"start":{"line":15,"column":40},"end":{"line":79,"column":1}},"line":15},"1":{"name":"(anonymous_1)","decl":{"start":{"line":19,"column":47},"end":{"line":19,"column":48}},"loc":{"start":{"line":19,"column":55},"end":{"line":19,"column":68}},"line":19},"2":{"name":"(anonymous_2)","decl":{"start":{"line":20,"column":27},"end":{"line":20,"column":28}},"loc":{"start":{"line":20,"column":58},"end":{"line":32,"column":3}},"line":20},"3":{"name":"(anonymous_3)","decl":{"start":{"line":22,"column":41},"end":{"line":22,"column":42}},"loc":{"start":{"line":22,"column":57},"end":{"line":24,"column":7}},"line":22},"4":{"name":"(anonymous_4)","decl":{"start":{"line":39,"column":21},"end":{"line":39,"column":22}},"loc":{"start":{"line":39,"column":27},"end":{"line":39,"column":46}},"line":39},"5":{"name":"(anonymous_5)","decl":{"start":{"line":47,"column":19},"end":{"line":47,"column":20}},"loc":{"start":{"line":48,"column":12},"end":{"line":48,"column":67}},"line":48},"6":{"name":"(anonymous_6)","decl":{"start":{"line":53,"column":40},"end":{"line":53,"column":41}},"loc":{"start":{"line":54,"column":10},"end":{"line":61,"column":12}},"line":54},"7":{"name":"(anonymous_7)","decl":{"start":{"line":59,"column":21},"end":{"line":59,"column":22}},"loc":{"start":{"line":59,"column":27},"end":{"line":59,"column":76}},"line":59}},"branchMap":{"0":{"loc":{"start":{"line":21,"column":4},"end":{"line":31,"column":5}},"type":"if","locations":[{"start":{"line":21,"column":4},"end":{"line":31,"column":5}},{"start":{"line":29,"column":11},"end":{"line":31,"column":5}}],"line":21},"1":{"loc":{"start":{"line":64,"column":9},"end":{"line":66,"column":9}},"type":"binary-expr","locations":[{"start":{"line":64,"column":9},"end":{"line":64,"column":48}},{"start":{"line":65,"column":10},"end":{"line":65,"column":77}}],"line":64}},"s":{"0":2,"1":1,"2":1,"3":1,"4":1,"5":1,"6":1,"7":1,"8":2,"9":1,"10":1,"11":1,"12":1,"13":0,"14":1,"15":0,"16":0,"17":2,"18":0,"19":2,"20":2,"21":2,"22":2,"23":2},"f":{"0":1,"1":1,"2":1,"3":2,"4":0,"5":0,"6":2,"7":0},"b":{"0":[1,0],"1":[1,0]},"_coverageSchema":"1a1c01bbd47fc00a2c39e90264f33305004495a9","hash":"c10995e3b46c2b3700c65f698fcab7e3a0a076d3"}
,"/Users/theodericonipe/Documents/react-native-tests/members-and-teams/store/reducer.js": {"path":"/Users/theodericonipe/Documents/react-native-tests/members-and-teams/store/reducer.js","statementMap":{"0":{"start":{"line":1,"column":16},"end":{"line":11,"column":1}},"1":{"start":{"line":2,"column":2},"end":{"line":10,"column":3}},"2":{"start":{"line":4,"column":6},"end":{"line":6,"column":7}},"3":{"start":{"line":5,"column":8},"end":{"line":5,"column":21}},"4":{"start":{"line":7,"column":6},"end":{"line":7,"column":51}},"5":{"start":{"line":9,"column":6},"end":{"line":9,"column":19}}},"fnMap":{"0":{"name":"(anonymous_0)","decl":{"start":{"line":1,"column":16},"end":{"line":1,"column":17}},"loc":{"start":{"line":1,"column":35},"end":{"line":11,"column":1}},"line":1}},"branchMap":{"0":{"loc":{"start":{"line":2,"column":2},"end":{"line":10,"column":3}},"type":"switch","locations":[{"start":{"line":3,"column":4},"end":{"line":7,"column":51}},{"start":{"line":8,"column":4},"end":{"line":9,"column":19}}],"line":2},"1":{"loc":{"start":{"line":4,"column":6},"end":{"line":6,"column":7}},"type":"if","locations":[{"start":{"line":4,"column":6},"end":{"line":6,"column":7}},{"start":{},"end":{}}],"line":4}},"s":{"0":3,"1":5,"2":3,"3":1,"4":2,"5":2},"f":{"0":5},"b":{"0":[3,2],"1":[1,2]},"_coverageSchema":"1a1c01bbd47fc00a2c39e90264f33305004495a9","hash":"abec1a96b1a7e55abe9f9474cad7ac3ab1aa8d9f"}
,"/Users/theodericonipe/Documents/react-native-tests/members-and-teams/store/store.js": {"path":"/Users/theodericonipe/Documents/react-native-tests/members-and-teams/store/store.js","statementMap":{"0":{"start":{"line":4,"column":21},"end":{"line":6,"column":1}},"1":{"start":{"line":8,"column":30},"end":{"line":8,"column":57}},"2":{"start":{"line":10,"column":38},"end":{"line":17,"column":1}},"3":{"start":{"line":11,"column":28},"end":{"line":11,"column":61}},"4":{"start":{"line":12,"column":2},"end":{"line":16,"column":4}}},"fnMap":{"0":{"name":"(anonymous_0)","decl":{"start":{"line":10,"column":38},"end":{"line":10,"column":39}},"loc":{"start":{"line":10,"column":47},"end":{"line":17,"column":1}},"line":10}},"branchMap":{},"s":{"0":2,"1":2,"2":2,"3":0,"4":0},"f":{"0":0},"b":{},"_coverageSchema":"1a1c01bbd47fc00a2c39e90264f33305004495a9","hash":"64472ba8bb03aaadde659d58b1a3802b016e5cbd"}
}
