TN:
SF:src/__tests__/components/mock/members.js
FNF:0
FNH:0
DA:2,2
DA:6,2
DA:11,2
DA:42,2
DA:85,2
LF:5
LH:5
BRF:0
BRH:0
end_of_record
TN:
SF:src/screens/index.js
FNF:0
FNH:0
LF:0
LH:0
BRF:0
BRH:0
end_of_record
TN:
SF:src/screens/AllMembers/AllMembers.js
FN:16,(anonymous_0)
FN:22,(anonymous_1)
FN:30,(anonymous_2)
FN:41,(anonymous_3)
FN:43,(anonymous_4)
FN:45,(anonymous_5)
FN:52,(anonymous_6)
FN:59,(anonymous_7)
FN:63,(anonymous_8)
FN:70,sortRelevance
FN:76,(anonymous_10)
FN:96,(anonymous_11)
FNF:12
FNH:6
FNDA:6,(anonymous_0)
FNDA:1,(anonymous_1)
FNDA:1,(anonymous_2)
FNDA:6,(anonymous_3)
FNDA:6,(anonymous_4)
FNDA:0,(anonymous_5)
FNDA:6,(anonymous_6)
FNDA:0,(anonymous_7)
FNDA:0,(anonymous_8)
FNDA:0,sortRelevance
FNDA:0,(anonymous_10)
FNDA:0,(anonymous_11)
DA:9,2
DA:10,2
DA:11,2
DA:13,2
DA:16,2
DA:17,6
DA:18,6
DA:20,6
DA:22,6
DA:23,1
DA:26,6
DA:31,1
DA:32,1
DA:33,1
DA:35,0
DA:36,0
DA:41,6
DA:43,6
DA:44,6
DA:45,0
DA:46,6
DA:48,0
DA:49,6
DA:52,6
DA:53,6
DA:59,0
DA:63,6
DA:64,0
DA:68,6
DA:72,0
DA:74,0
DA:76,0
DA:77,0
DA:79,0
DA:80,0
DA:82,0
DA:83,0
DA:85,0
DA:87,0
DA:90,0
DA:93,6
DA:96,0
DA:114,2
DA:116,2
LF:44
LH:26
BRDA:31,0,0,1
BRDA:31,0,1,0
BRDA:44,1,0,0
BRDA:44,1,1,6
BRDA:46,2,0,0
BRDA:46,2,1,6
BRDA:65,3,0,0
BRDA:65,3,1,0
BRDA:68,4,0,6
BRDA:68,4,1,0
BRDA:72,5,0,0
BRDA:72,5,1,0
BRDA:74,6,0,0
BRDA:74,6,1,0
BRDA:77,7,0,0
BRDA:77,7,1,0
BRDA:80,8,0,0
BRDA:80,8,1,0
BRDA:83,9,0,0
BRDA:83,9,1,0
BRDA:100,10,0,6
BRDA:100,10,1,3
BRDA:101,11,0,6
BRDA:101,11,1,3
BRF:24
BRH:8
end_of_record
TN:
SF:src/screens/Team/Team.js
FN:15,(anonymous_0)
FN:19,(anonymous_1)
FN:20,(anonymous_2)
FN:22,(anonymous_3)
FN:39,(anonymous_4)
FN:47,(anonymous_5)
FN:53,(anonymous_6)
FN:59,(anonymous_7)
FNF:8
FNH:5
FNDA:1,(anonymous_0)
FNDA:1,(anonymous_1)
FNDA:1,(anonymous_2)
FNDA:2,(anonymous_3)
FNDA:0,(anonymous_4)
FNDA:0,(anonymous_5)
FNDA:2,(anonymous_6)
FNDA:0,(anonymous_7)
DA:15,2
DA:16,1
DA:17,1
DA:19,1
DA:20,1
DA:21,1
DA:22,1
DA:23,2
DA:25,1
DA:26,1
DA:27,1
DA:28,1
DA:30,0
DA:34,1
DA:39,0
DA:48,0
DA:54,2
DA:59,0
DA:81,2
DA:82,2
DA:85,2
DA:93,2
DA:95,2
LF:23
LH:19
BRDA:21,0,0,1
BRDA:21,0,1,0
BRDA:64,1,0,1
BRDA:64,1,1,0
BRF:4
BRH:2
end_of_record
TN:
SF:store/reducer.js
FN:1,(anonymous_0)
FNF:1
FNH:1
FNDA:5,(anonymous_0)
DA:1,3
DA:2,5
DA:4,3
DA:5,1
DA:7,2
DA:9,2
LF:6
LH:6
BRDA:2,0,0,3
BRDA:2,0,1,2
BRDA:4,1,0,1
BRDA:4,1,1,2
BRF:4
BRH:4
end_of_record
TN:
SF:store/store.js
FN:10,(anonymous_0)
FNF:1
FNH:0
FNDA:0,(anonymous_0)
DA:4,2
DA:8,2
DA:10,2
DA:11,0
DA:12,0
LF:5
LH:3
BRF:0
BRH:0
end_of_record
